"pkg-config --exists libxml-2.0"
| pkg-config --libs libxml-2.0
=> "-lxml2\n"
"xcrun clang -o conftest -I/System/Library/Frameworks/Ruby.framework/Versions/2.3/usr/include/ruby-2.3.0/universal-darwin17 -I/System/Library/Frameworks/Ruby.framework/Versions/2.3/usr/include/ruby-2.3.0/ruby/backward -I/System/Library/Frameworks/Ruby.framework/Versions/2.3/usr/include/ruby-2.3.0 -I. -D_XOPEN_SOURCE -D_DARWIN_C_SOURCE -D_DARWIN_UNLIMITED_SELECT -D_REENTRANT    -g -Os -pipe -DHAVE_GCC_ATOMIC_BUILTINS -iwithsysroot /usr/local/libressl/include -std=c99 conftest.c  -L. -L/System/Library/Frameworks/Ruby.framework/Versions/2.3/usr/lib -L.             -L /BuildRoot/Applications/Xcode.app/Contents/Developer/Platforms/MacOSX.platform/Developer/SDKs/MacOSX10.13.Internal.sdk/usr/local/libressl/lib -L/BuildRoot/Applications/Xcode.app/Contents/Developer/Platforms/MacOSX.platform/Developer/SDKs/MacOSX10.13.Internal.sdk/usr/local/lib   -arch x86_64 -arch i386   -lruby.2.3.0  -lpthread -ldl -lobjc "
ld: warning: directory not found for option '-L/BuildRoot/Applications/Xcode.app/Contents/Developer/Platforms/MacOSX.platform/Developer/SDKs/MacOSX10.13.Internal.sdk/usr/local/libressl/lib'
ld: warning: directory not found for option '-L/BuildRoot/Applications/Xcode.app/Contents/Developer/Platforms/MacOSX.platform/Developer/SDKs/MacOSX10.13.Internal.sdk/usr/local/lib'
ld: warning: text-based stub file /System/Library/Frameworks/Ruby.framework/Versions/2.3/usr/lib/libruby.2.3.0.tbd and library file /System/Library/Frameworks/Ruby.framework/Versions/2.3/usr/lib/libruby.2.3.0.dylib are out of sync. Falling back to library file for linking.
ld: warning: directory not found for option '-L/BuildRoot/Applications/Xcode.app/Contents/Developer/Platforms/MacOSX.platform/Developer/SDKs/MacOSX10.13.Internal.sdk/usr/local/libressl/lib'
ld: warning: directory not found for option '-L/BuildRoot/Applications/Xcode.app/Contents/Developer/Platforms/MacOSX.platform/Developer/SDKs/MacOSX10.13.Internal.sdk/usr/local/lib'
ld: warning: text-based stub file /System/Library/Frameworks/Ruby.framework/Versions/2.3/usr/lib/libruby.2.3.0.tbd and library file /System/Library/Frameworks/Ruby.framework/Versions/2.3/usr/lib/libruby.2.3.0.dylib are out of sync. Falling back to library file for linking.
checked program was:
/* begin */
1: #include "ruby.h"
2: 
3: int main(int argc, char **argv)
4: {
5:   return 0;
6: }
/* end */

"xcrun clang -o conftest -I/System/Library/Frameworks/Ruby.framework/Versions/2.3/usr/include/ruby-2.3.0/universal-darwin17 -I/System/Library/Frameworks/Ruby.framework/Versions/2.3/usr/include/ruby-2.3.0/ruby/backward -I/System/Library/Frameworks/Ruby.framework/Versions/2.3/usr/include/ruby-2.3.0 -I. -D_XOPEN_SOURCE -D_DARWIN_C_SOURCE -D_DARWIN_UNLIMITED_SELECT -D_REENTRANT    -g -Os -pipe -DHAVE_GCC_ATOMIC_BUILTINS -iwithsysroot /usr/local/libressl/include -std=c99 conftest.c  -L. -L/System/Library/Frameworks/Ruby.framework/Versions/2.3/usr/lib -L.             -L /BuildRoot/Applications/Xcode.app/Contents/Developer/Platforms/MacOSX.platform/Developer/SDKs/MacOSX10.13.Internal.sdk/usr/local/libressl/lib -L/BuildRoot/Applications/Xcode.app/Contents/Developer/Platforms/MacOSX.platform/Developer/SDKs/MacOSX10.13.Internal.sdk/usr/local/lib   -arch x86_64 -arch i386   -lruby.2.3.0 -lxml2 -lpthread -ldl -lobjc "
ld: warning: directory not found for option '-L/BuildRoot/Applications/Xcode.app/Contents/Developer/Platforms/MacOSX.platform/Developer/SDKs/MacOSX10.13.Internal.sdk/usr/local/libressl/lib'
ld: warning: directory not found for option '-L/BuildRoot/Applications/Xcode.app/Contents/Developer/Platforms/MacOSX.platform/Developer/SDKs/MacOSX10.13.Internal.sdk/usr/local/lib'
ld: warning: text-based stub file /System/Library/Frameworks/Ruby.framework/Versions/2.3/usr/lib/libruby.2.3.0.tbd and library file /System/Library/Frameworks/Ruby.framework/Versions/2.3/usr/lib/libruby.2.3.0.dylib are out of sync. Falling back to library file for linking.
ld: warning: directory not found for option '-L/BuildRoot/Applications/Xcode.app/Contents/Developer/Platforms/MacOSX.platform/Developer/SDKs/MacOSX10.13.Internal.sdk/usr/local/libressl/lib'
ld: warning: directory not found for option '-L/BuildRoot/Applications/Xcode.app/Contents/Developer/Platforms/MacOSX.platform/Developer/SDKs/MacOSX10.13.Internal.sdk/usr/local/lib'
ld: warning: text-based stub file /System/Library/Frameworks/Ruby.framework/Versions/2.3/usr/lib/libruby.2.3.0.tbd and library file /System/Library/Frameworks/Ruby.framework/Versions/2.3/usr/lib/libruby.2.3.0.dylib are out of sync. Falling back to library file for linking.
checked program was:
/* begin */
1: #include "ruby.h"
2: 
3: int main(int argc, char **argv)
4: {
5:   return 0;
6: }
/* end */

package configuration for libxml-2.0 is not found
have_library: checking for xmlNewDoc() in -lxml2... -------------------- yes

"xcrun clang -o conftest -I/System/Library/Frameworks/Ruby.framework/Versions/2.3/usr/include/ruby-2.3.0/universal-darwin17 -I/System/Library/Frameworks/Ruby.framework/Versions/2.3/usr/include/ruby-2.3.0/ruby/backward -I/System/Library/Frameworks/Ruby.framework/Versions/2.3/usr/include/ruby-2.3.0 -I. -D_XOPEN_SOURCE -D_DARWIN_C_SOURCE -D_DARWIN_UNLIMITED_SELECT -D_REENTRANT    -g -Os -pipe -DHAVE_GCC_ATOMIC_BUILTINS -iwithsysroot /usr/local/libressl/include -std=c99 conftest.c  -L. -L/System/Library/Frameworks/Ruby.framework/Versions/2.3/usr/lib -L.             -L /BuildRoot/Applications/Xcode.app/Contents/Developer/Platforms/MacOSX.platform/Developer/SDKs/MacOSX10.13.Internal.sdk/usr/local/libressl/lib -L/BuildRoot/Applications/Xcode.app/Contents/Developer/Platforms/MacOSX.platform/Developer/SDKs/MacOSX10.13.Internal.sdk/usr/local/lib   -arch x86_64 -arch i386   -lruby.2.3.0 -lxml2  -lpthread -ldl -lobjc "
conftest.c:13:57: error: use of undeclared identifier 'xmlNewDoc'
int t(void) { void ((*volatile p)()); p = (void ((*)()))xmlNewDoc; return !p; }
                                                        ^
1 error generated.
checked program was:
/* begin */
 1: #include "ruby.h"
 2: 
 3: /*top*/
 4: extern int t(void);
 5: int main(int argc, char **argv)
 6: {
 7:   if (argc > 1000000) {
 8:     printf("%p", &t);
 9:   }
10: 
11:   return 0;
12: }
13: int t(void) { void ((*volatile p)()); p = (void ((*)()))xmlNewDoc; return !p; }
/* end */

"xcrun clang -o conftest -I/System/Library/Frameworks/Ruby.framework/Versions/2.3/usr/include/ruby-2.3.0/universal-darwin17 -I/System/Library/Frameworks/Ruby.framework/Versions/2.3/usr/include/ruby-2.3.0/ruby/backward -I/System/Library/Frameworks/Ruby.framework/Versions/2.3/usr/include/ruby-2.3.0 -I. -D_XOPEN_SOURCE -D_DARWIN_C_SOURCE -D_DARWIN_UNLIMITED_SELECT -D_REENTRANT    -g -Os -pipe -DHAVE_GCC_ATOMIC_BUILTINS -iwithsysroot /usr/local/libressl/include -std=c99 conftest.c  -L. -L/System/Library/Frameworks/Ruby.framework/Versions/2.3/usr/lib -L.             -L /BuildRoot/Applications/Xcode.app/Contents/Developer/Platforms/MacOSX.platform/Developer/SDKs/MacOSX10.13.Internal.sdk/usr/local/libressl/lib -L/BuildRoot/Applications/Xcode.app/Contents/Developer/Platforms/MacOSX.platform/Developer/SDKs/MacOSX10.13.Internal.sdk/usr/local/lib   -arch x86_64 -arch i386   -lruby.2.3.0 -lxml2  -lpthread -ldl -lobjc "
ld: warning: directory not found for option '-L/BuildRoot/Applications/Xcode.app/Contents/Developer/Platforms/MacOSX.platform/Developer/SDKs/MacOSX10.13.Internal.sdk/usr/local/libressl/lib'
ld: warning: directory not found for option '-L/BuildRoot/Applications/Xcode.app/Contents/Developer/Platforms/MacOSX.platform/Developer/SDKs/MacOSX10.13.Internal.sdk/usr/local/lib'
ld: warning: text-based stub file /System/Library/Frameworks/Ruby.framework/Versions/2.3/usr/lib/libruby.2.3.0.tbd and library file /System/Library/Frameworks/Ruby.framework/Versions/2.3/usr/lib/libruby.2.3.0.dylib are out of sync. Falling back to library file for linking.
ld: warning: directory not found for option '-L/BuildRoot/Applications/Xcode.app/Contents/Developer/Platforms/MacOSX.platform/Developer/SDKs/MacOSX10.13.Internal.sdk/usr/local/libressl/lib'
ld: warning: directory not found for option '-L/BuildRoot/Applications/Xcode.app/Contents/Developer/Platforms/MacOSX.platform/Developer/SDKs/MacOSX10.13.Internal.sdk/usr/local/lib'
ld: warning: text-based stub file /System/Library/Frameworks/Ruby.framework/Versions/2.3/usr/lib/libruby.2.3.0.tbd and library file /System/Library/Frameworks/Ruby.framework/Versions/2.3/usr/lib/libruby.2.3.0.dylib are out of sync. Falling back to library file for linking.
checked program was:
/* begin */
 1: #include "ruby.h"
 2: 
 3: /*top*/
 4: extern int t(void);
 5: int main(int argc, char **argv)
 6: {
 7:   if (argc > 1000000) {
 8:     printf("%p", &t);
 9:   }
10: 
11:   return 0;
12: }
13: extern void xmlNewDoc();
14: int t(void) { xmlNewDoc(); return 0; }
/* end */

--------------------

find_header: checking for nokogiri.h in /Users/daniel/Desktop/ICME-Summer-Workshops/deeplearning/icme-intro-deep-learning.github.io/vendor/bundle/ruby/2.3.0/gems/nokogiri-1.10.10/ext/nokogiri... -------------------- no

"xcrun clang -I/System/Library/Frameworks/Ruby.framework/Versions/2.3/usr/include/ruby-2.3.0/universal-darwin17 -I/System/Library/Frameworks/Ruby.framework/Versions/2.3/usr/include/ruby-2.3.0/ruby/backward -I/System/Library/Frameworks/Ruby.framework/Versions/2.3/usr/include/ruby-2.3.0 -I. -D_XOPEN_SOURCE -D_DARWIN_C_SOURCE -D_DARWIN_UNLIMITED_SELECT -D_REENTRANT    -g -Os -pipe -DHAVE_GCC_ATOMIC_BUILTINS -iwithsysroot /usr/local/libressl/include -std=c99  -arch x86_64 -arch i386  -c conftest.c"
conftest.c:3:10: fatal error: 'nokogiri.h' file not found
#include <nokogiri.h>
         ^~~~~~~~~~~~
1 error generated.
checked program was:
/* begin */
1: #include "ruby.h"
2: 
3: #include <nokogiri.h>
/* end */

"xcrun clang -I/System/Library/Frameworks/Ruby.framework/Versions/2.3/usr/include/ruby-2.3.0/universal-darwin17 -I/System/Library/Frameworks/Ruby.framework/Versions/2.3/usr/include/ruby-2.3.0/ruby/backward -I/System/Library/Frameworks/Ruby.framework/Versions/2.3/usr/include/ruby-2.3.0 -I. -D_XOPEN_SOURCE -D_DARWIN_C_SOURCE -D_DARWIN_UNLIMITED_SELECT -D_REENTRANT    -g -Os -pipe -DHAVE_GCC_ATOMIC_BUILTINS -iwithsysroot /usr/local/libressl/include -std=c99  -arch x86_64 -arch i386 -I/Users/daniel/Desktop/ICME-Summer-Workshops/deeplearning/icme-intro-deep-learning.github.io/vendor/bundle/ruby/2.3.0/gems/nokogiri-1.10.10/ext/nokogiri -c conftest.c"
In file included from conftest.c:3:
/Users/daniel/Desktop/ICME-Summer-Workshops/deeplearning/icme-intro-deep-learning.github.io/vendor/bundle/ruby/2.3.0/gems/nokogiri-1.10.10/ext/nokogiri/nokogiri.h:13:9: warning: '_GNU_SOURCE' macro redefined [-Wmacro-redefined]
#define _GNU_SOURCE
        ^
/System/Library/Frameworks/Ruby.framework/Versions/2.3/usr/include/ruby-2.3.0/universal-darwin17/ruby/config.h:17:9: note: previous definition is here
#define _GNU_SOURCE 1
        ^
In file included from conftest.c:3:
/Users/daniel/Desktop/ICME-Summer-Workshops/deeplearning/icme-intro-deep-learning.github.io/vendor/bundle/ruby/2.3.0/gems/nokogiri-1.10.10/ext/nokogiri/nokogiri.h:19:10: fatal error: 'libxml/parser.h' file not found
#include <libxml/parser.h>
         ^~~~~~~~~~~~~~~~~
1 warning and 1 error generated.
checked program was:
/* begin */
1: #include "ruby.h"
2: 
3: #include <nokogiri.h>
/* end */

--------------------

